<?xml version="1.0" encoding="UTF-8"?>
<!-- Generated by org.testng.reporters.JUnitReportReporter -->
<testsuite hostname="DESKTOP-K7J2E45" failures="0" tests="2" name="com.opencart.testLayer.LoginTest" time="47.519" errors="0" timestamp="2023-09-30T19:49:03 IST" skipped="0">
  <testcase classname="com.opencart.testLayer.LoginTest" name="validateloggingintotheApplicationusingvalidcredentials" time="25.062"/>
  <testcase classname="com.opencart.testLayer.LoginTest" name="validateloggingintotheApplicationusinginvalidcredentials" time="22.457"/>
</testsuite> <!-- com.opencart.testLayer.LoginTest -->
